{
  "uid" : "bd5c61c28103b8a2",
  "name" : "Check main page options.",
  "fullName" : "tests.test_cards.TestPrepositions_1_6#test_check_main_options",
  "historyId" : "537d3f0345e5b106903f6eb14531216e",
  "time" : {
    "start" : 1698687488951,
    "stop" : 1698687488951,
    "duration" : 0
  },
  "status" : "broken",
  "statusMessage" : "selenium.common.exceptions.SessionNotCreatedException: Message: session not created: Chrome failed to start: exited normally.\n  (session not created: DevToolsActivePort file doesn't exist)\n  (The process started from chrome location /usr/bin/google-chrome is no longer running, so ChromeDriver is assuming that Chrome has crashed.)\nStacktrace:\n#0 0x56036218efb3 <unknown>\n#1 0x560361e624a7 <unknown>\n#2 0x560361e95c93 <unknown>\n#3 0x560361e9210c <unknown>\n#4 0x560361ed4ac6 <unknown>\n#5 0x560361ecb713 <unknown>\n#6 0x560361e9e18b <unknown>\n#7 0x560361e9ef7e <unknown>\n#8 0x5603621548d8 <unknown>\n#9 0x560362158800 <unknown>\n#10 0x560362162cfc <unknown>\n#11 0x560362159418 <unknown>\n#12 0x56036212642f <unknown>\n#13 0x56036217d4e8 <unknown>\n#14 0x56036217d6b4 <unknown>\n#15 0x56036218e143 <unknown>\n#16 0x7f61a5694ac3 <unknown>",
  "statusTrace" : "@pytest.fixture()\n    def driver():\n        options = Options()\n        # options.add_argument('--headless')\n>       driver = webdriver.Chrome(options=options)\n\ntests/conftest.py:14: \n_ _ _ _ _ _ _ _ _ _ _ _ _ _ _ _ _ _ _ _ _ _ _ _ _ _ _ _ _ _ _ _ _ _ _ _ _ _ _ _ \n/opt/hostedtoolcache/Python/3.10.13/x64/lib/python3.10/site-packages/selenium/webdriver/chrome/webdriver.py:45: in __init__\n    super().__init__(\n/opt/hostedtoolcache/Python/3.10.13/x64/lib/python3.10/site-packages/selenium/webdriver/chromium/webdriver.py:56: in __init__\n    super().__init__(\n/opt/hostedtoolcache/Python/3.10.13/x64/lib/python3.10/site-packages/selenium/webdriver/remote/webdriver.py:205: in __init__\n    self.start_session(capabilities)\n/opt/hostedtoolcache/Python/3.10.13/x64/lib/python3.10/site-packages/selenium/webdriver/remote/webdriver.py:289: in start_session\n    response = self.execute(Command.NEW_SESSION, caps)[\"value\"]\n/opt/hostedtoolcache/Python/3.10.13/x64/lib/python3.10/site-packages/selenium/webdriver/remote/webdriver.py:344: in execute\n    self.error_handler.check_response(response)\n_ _ _ _ _ _ _ _ _ _ _ _ _ _ _ _ _ _ _ _ _ _ _ _ _ _ _ _ _ _ _ _ _ _ _ _ _ _ _ _ \n\nself = <selenium.webdriver.remote.errorhandler.ErrorHandler object at 0x7f73928d9ed0>\nresponse = {'status': 500, 'value': '{\"value\":{\"error\":\"session not created\",\"message\":\"session not created: Chrome failed to sta...\\\\n#14 0x56036217d6b4 \\\\u003Cunknown>\\\\n#15 0x56036218e143 \\\\u003Cunknown>\\\\n#16 0x7f61a5694ac3 \\\\u003Cunknown>\\\\n\"}}'}\n\n    def check_response(self, response: Dict[str, Any]) -> None:\n        \"\"\"Checks that a JSON response from the WebDriver does not have an\n        error.\n    \n        :Args:\n         - response - The JSON response from the WebDriver server as a dictionary\n           object.\n    \n        :Raises: If the response contains an error message.\n        \"\"\"\n        status = response.get(\"status\", None)\n        if not status or status == ErrorCode.SUCCESS:\n            return\n        value = None\n        message = response.get(\"message\", \"\")\n        screen: str = response.get(\"screen\", \"\")\n        stacktrace = None\n        if isinstance(status, int):\n            value_json = response.get(\"value\", None)\n            if value_json and isinstance(value_json, str):\n                import json\n    \n                try:\n                    value = json.loads(value_json)\n                    if len(value) == 1:\n                        value = value[\"value\"]\n                    status = value.get(\"error\", None)\n                    if not status:\n                        status = value.get(\"status\", ErrorCode.UNKNOWN_ERROR)\n                        message = value.get(\"value\") or value.get(\"message\")\n                        if not isinstance(message, str):\n                            value = message\n                            message = message.get(\"message\")\n                    else:\n                        message = value.get(\"message\", None)\n                except ValueError:\n                    pass\n    \n        exception_class: Type[WebDriverException]\n        e = ErrorCode()\n        error_codes = [item for item in dir(e) if not item.startswith(\"__\")]\n        for error_code in error_codes:\n            error_info = getattr(ErrorCode, error_code)\n            if isinstance(error_info, list) and status in error_info:\n                exception_class = getattr(ExceptionMapping, error_code, WebDriverException)\n                break\n        else:\n            exception_class = WebDriverException\n    \n        if not value:\n            value = response[\"value\"]\n        if isinstance(value, str):\n            raise exception_class(value)\n        if message == \"\" and \"message\" in value:\n            message = value[\"message\"]\n    \n        screen = None  # type: ignore[assignment]\n        if \"screen\" in value:\n            screen = value[\"screen\"]\n    \n        stacktrace = None\n        st_value = value.get(\"stackTrace\") or value.get(\"stacktrace\")\n        if st_value:\n            if isinstance(st_value, str):\n                stacktrace = st_value.split(\"\\n\")\n            else:\n                stacktrace = []\n                try:\n                    for frame in st_value:\n                        line = frame.get(\"lineNumber\", \"\")\n                        file = frame.get(\"fileName\", \"<anonymous>\")\n                        if line:\n                            file = f\"{file}:{line}\"\n                        meth = frame.get(\"methodName\", \"<anonymous>\")\n                        if \"className\" in frame:\n                            meth = f\"{frame['className']}.{meth}\"\n                        msg = \"    at %s (%s)\"\n                        msg = msg % (meth, file)\n                        stacktrace.append(msg)\n                except TypeError:\n                    pass\n        if exception_class == UnexpectedAlertPresentException:\n            alert_text = None\n            if \"data\" in value:\n                alert_text = value[\"data\"].get(\"text\")\n            elif \"alert\" in value:\n                alert_text = value[\"alert\"].get(\"text\")\n            raise exception_class(message, screen, stacktrace, alert_text)  # type: ignore[call-arg]  # mypy is not smart enough here\n>       raise exception_class(message, screen, stacktrace)\nE       selenium.common.exceptions.SessionNotCreatedException: Message: session not created: Chrome failed to start: exited normally.\nE         (session not created: DevToolsActivePort file doesn't exist)\nE         (The process started from chrome location /usr/bin/google-chrome is no longer running, so ChromeDriver is assuming that Chrome has crashed.)\nE       Stacktrace:\nE       #0 0x56036218efb3 <unknown>\nE       #1 0x560361e624a7 <unknown>\nE       #2 0x560361e95c93 <unknown>\nE       #3 0x560361e9210c <unknown>\nE       #4 0x560361ed4ac6 <unknown>\nE       #5 0x560361ecb713 <unknown>\nE       #6 0x560361e9e18b <unknown>\nE       #7 0x560361e9ef7e <unknown>\nE       #8 0x5603621548d8 <unknown>\nE       #9 0x560362158800 <unknown>\nE       #10 0x560362162cfc <unknown>\nE       #11 0x560362159418 <unknown>\nE       #12 0x56036212642f <unknown>\nE       #13 0x56036217d4e8 <unknown>\nE       #14 0x56036217d6b4 <unknown>\nE       #15 0x56036218e143 <unknown>\nE       #16 0x7f61a5694ac3 <unknown>\n\n/opt/hostedtoolcache/Python/3.10.13/x64/lib/python3.10/site-packages/selenium/webdriver/remote/errorhandler.py:229: SessionNotCreatedException",
  "flaky" : false,
  "newFailed" : false,
  "beforeStages" : [ {
    "name" : "_session_faker",
    "time" : {
      "start" : 1698687480565,
      "stop" : 1698687480637,
      "duration" : 72
    },
    "status" : "passed",
    "steps" : [ ],
    "attachments" : [ ],
    "parameters" : [ ],
    "attachmentsCount" : 0,
    "shouldDisplayMessage" : false,
    "stepsCount" : 0,
    "hasContent" : false
  }, {
    "name" : "driver",
    "time" : {
      "start" : 1698687488951,
      "stop" : 1698687489616,
      "duration" : 665
    },
    "status" : "broken",
    "statusMessage" : "selenium.common.exceptions.SessionNotCreatedException: Message: session not created: Chrome failed to start: exited normally.\n  (session not created: DevToolsActivePort file doesn't exist)\n  (The process started from chrome location /usr/bin/google-chrome is no longer running, so ChromeDriver is assuming that Chrome has crashed.)\nStacktrace:\n#0 0x56036218efb3 <unknown>\n#1 0x560361e624a7 <unknown>\n#2 0x560361e95c93 <unknown>\n#3 0x560361e9210c <unknown>\n#4 0x560361ed4ac6 <unknown>\n#5 0x560361ecb713 <unknown>\n#6 0x560361e9e18b <unknown>\n#7 0x560361e9ef7e <unknown>\n#8 0x5603621548d8 <unknown>\n#9 0x560362158800 <unknown>\n#10 0x560362162cfc <unknown>\n#11 0x560362159418 <unknown>\n#12 0x56036212642f <unknown>\n#13 0x56036217d4e8 <unknown>\n#14 0x56036217d6b4 <unknown>\n#15 0x56036218e143 <unknown>\n#16 0x7f61a5694ac3 <unknown>\n\n",
    "statusTrace" : "  File \"/opt/hostedtoolcache/Python/3.10.13/x64/lib/python3.10/site-packages/pluggy/_callers.py\", line 77, in _multicall\n    res = hook_impl.function(*args)\n  File \"/opt/hostedtoolcache/Python/3.10.13/x64/lib/python3.10/site-packages/_pytest/fixtures.py\", line 1123, in pytest_fixture_setup\n    result = call_fixture_func(fixturefunc, request, kwargs)\n  File \"/opt/hostedtoolcache/Python/3.10.13/x64/lib/python3.10/site-packages/_pytest/fixtures.py\", line 895, in call_fixture_func\n    fixture_result = next(generator)\n  File \"/home/runner/work/English-exercises-AQA/English-exercises-AQA/tests/conftest.py\", line 14, in driver\n    driver = webdriver.Chrome(options=options)\n  File \"/opt/hostedtoolcache/Python/3.10.13/x64/lib/python3.10/site-packages/selenium/webdriver/chrome/webdriver.py\", line 45, in __init__\n    super().__init__(\n  File \"/opt/hostedtoolcache/Python/3.10.13/x64/lib/python3.10/site-packages/selenium/webdriver/chromium/webdriver.py\", line 56, in __init__\n    super().__init__(\n  File \"/opt/hostedtoolcache/Python/3.10.13/x64/lib/python3.10/site-packages/selenium/webdriver/remote/webdriver.py\", line 205, in __init__\n    self.start_session(capabilities)\n  File \"/opt/hostedtoolcache/Python/3.10.13/x64/lib/python3.10/site-packages/selenium/webdriver/remote/webdriver.py\", line 289, in start_session\n    response = self.execute(Command.NEW_SESSION, caps)[\"value\"]\n  File \"/opt/hostedtoolcache/Python/3.10.13/x64/lib/python3.10/site-packages/selenium/webdriver/remote/webdriver.py\", line 344, in execute\n    self.error_handler.check_response(response)\n  File \"/opt/hostedtoolcache/Python/3.10.13/x64/lib/python3.10/site-packages/selenium/webdriver/remote/errorhandler.py\", line 229, in check_response\n    raise exception_class(message, screen, stacktrace)\n",
    "steps" : [ ],
    "attachments" : [ ],
    "parameters" : [ ],
    "attachmentsCount" : 0,
    "shouldDisplayMessage" : true,
    "stepsCount" : 0,
    "hasContent" : true
  } ],
  "afterStages" : [ ],
  "labels" : [ {
    "name" : "feature",
    "value" : "Usage of \"by\" preposition."
  }, {
    "name" : "parentSuite",
    "value" : "tests"
  }, {
    "name" : "suite",
    "value" : "test_cards"
  }, {
    "name" : "subSuite",
    "value" : "TestPrepositions_1_6"
  }, {
    "name" : "host",
    "value" : "fv-az592-825"
  }, {
    "name" : "thread",
    "value" : "1949-MainThread"
  }, {
    "name" : "framework",
    "value" : "pytest"
  }, {
    "name" : "language",
    "value" : "cpython3"
  }, {
    "name" : "package",
    "value" : "tests.test_cards"
  }, {
    "name" : "resultFormat",
    "value" : "allure2"
  } ],
  "parameters" : [ ],
  "links" : [ ],
  "hidden" : false,
  "retry" : false,
  "extra" : {
    "severity" : "normal",
    "retries" : [ ],
    "categories" : [ {
      "name" : "Test defects",
      "matchedStatuses" : [ ],
      "flaky" : false
    } ],
    "history" : {
      "statistic" : {
        "failed" : 0,
        "broken" : 3,
        "skipped" : 0,
        "passed" : 0,
        "unknown" : 0,
        "total" : 3
      },
      "items" : [ {
        "uid" : "c8403080e7ec656b",
        "status" : "broken",
        "statusDetails" : "selenium.common.exceptions.SessionNotCreatedException: Message: session not created: Chrome failed to start: exited normally.\n  (session not created: DevToolsActivePort file doesn't exist)\n  (The process started from chrome location /usr/bin/google-chrome is no longer running, so ChromeDriver is assuming that Chrome has crashed.)\nStacktrace:\n#0 0x55a8129adfb3 <unknown>\n#1 0x55a8126814a7 <unknown>\n#2 0x55a8126b4c93 <unknown>\n#3 0x55a8126b110c <unknown>\n#4 0x55a8126f3ac6 <unknown>\n#5 0x55a8126ea713 <unknown>\n#6 0x55a8126bd18b <unknown>\n#7 0x55a8126bdf7e <unknown>\n#8 0x55a8129738d8 <unknown>\n#9 0x55a812977800 <unknown>\n#10 0x55a812981cfc <unknown>\n#11 0x55a812978418 <unknown>\n#12 0x55a81294542f <unknown>\n#13 0x55a81299c4e8 <unknown>\n#14 0x55a81299c6b4 <unknown>\n#15 0x55a8129ad143 <unknown>\n#16 0x7fbe64894ac3 <unknown>",
        "time" : {
          "start" : 1698687094837,
          "stop" : 1698687094837,
          "duration" : 0
        }
      }, {
        "uid" : "11b222ac3a7862c7",
        "status" : "broken",
        "statusDetails" : "selenium.common.exceptions.SessionNotCreatedException: Message: session not created: Chrome failed to start: exited normally.\n  (session not created: DevToolsActivePort file doesn't exist)\n  (The process started from chrome location /usr/bin/google-chrome is no longer running, so ChromeDriver is assuming that Chrome has crashed.)\nStacktrace:\n#0 0x55dbf191efb3 <unknown>\n#1 0x55dbf15f24a7 <unknown>\n#2 0x55dbf1625c93 <unknown>\n#3 0x55dbf162210c <unknown>\n#4 0x55dbf1664ac6 <unknown>\n#5 0x55dbf165b713 <unknown>\n#6 0x55dbf162e18b <unknown>\n#7 0x55dbf162ef7e <unknown>\n#8 0x55dbf18e48d8 <unknown>\n#9 0x55dbf18e8800 <unknown>\n#10 0x55dbf18f2cfc <unknown>\n#11 0x55dbf18e9418 <unknown>\n#12 0x55dbf18b642f <unknown>\n#13 0x55dbf190d4e8 <unknown>\n#14 0x55dbf190d6b4 <unknown>\n#15 0x55dbf191e143 <unknown>\n#16 0x7ff8abc94ac3 <unknown>",
        "time" : {
          "start" : 1698686834499,
          "stop" : 1698686834499,
          "duration" : 0
        }
      } ]
    },
    "tags" : [ ]
  },
  "source" : "bd5c61c28103b8a2.json",
  "parameterValues" : [ ]
}