{
  "uid" : "cbc0e3994419fae",
  "name" : "Check args is not presence.",
  "fullName" : "tests.test_cards.TestPrepositions_1_4#test_args_is_not_presence",
  "historyId" : "f331ccbe32f1b5648ac080c27e917edd",
  "time" : {
    "start" : 1698686833789,
    "stop" : 1698686833789,
    "duration" : 0
  },
  "status" : "broken",
  "statusMessage" : "selenium.common.exceptions.SessionNotCreatedException: Message: session not created: Chrome failed to start: exited normally.\n  (session not created: DevToolsActivePort file doesn't exist)\n  (The process started from chrome location /usr/bin/google-chrome is no longer running, so ChromeDriver is assuming that Chrome has crashed.)\nStacktrace:\n#0 0x555e70354fb3 <unknown>\n#1 0x555e700284a7 <unknown>\n#2 0x555e7005bc93 <unknown>\n#3 0x555e7005810c <unknown>\n#4 0x555e7009aac6 <unknown>\n#5 0x555e70091713 <unknown>\n#6 0x555e7006418b <unknown>\n#7 0x555e70064f7e <unknown>\n#8 0x555e7031a8d8 <unknown>\n#9 0x555e7031e800 <unknown>\n#10 0x555e70328cfc <unknown>\n#11 0x555e7031f418 <unknown>\n#12 0x555e702ec42f <unknown>\n#13 0x555e703434e8 <unknown>\n#14 0x555e703436b4 <unknown>\n#15 0x555e70354143 <unknown>\n#16 0x7f38b0094ac3 <unknown>",
  "statusTrace" : "@pytest.fixture()\n    def driver():\n        options = Options()\n        # options.add_argument('--headless')\n>       driver = webdriver.Chrome(options=options)\n\ntests/conftest.py:14: \n_ _ _ _ _ _ _ _ _ _ _ _ _ _ _ _ _ _ _ _ _ _ _ _ _ _ _ _ _ _ _ _ _ _ _ _ _ _ _ _ \n/opt/hostedtoolcache/Python/3.10.13/x64/lib/python3.10/site-packages/selenium/webdriver/chrome/webdriver.py:45: in __init__\n    super().__init__(\n/opt/hostedtoolcache/Python/3.10.13/x64/lib/python3.10/site-packages/selenium/webdriver/chromium/webdriver.py:56: in __init__\n    super().__init__(\n/opt/hostedtoolcache/Python/3.10.13/x64/lib/python3.10/site-packages/selenium/webdriver/remote/webdriver.py:205: in __init__\n    self.start_session(capabilities)\n/opt/hostedtoolcache/Python/3.10.13/x64/lib/python3.10/site-packages/selenium/webdriver/remote/webdriver.py:289: in start_session\n    response = self.execute(Command.NEW_SESSION, caps)[\"value\"]\n/opt/hostedtoolcache/Python/3.10.13/x64/lib/python3.10/site-packages/selenium/webdriver/remote/webdriver.py:344: in execute\n    self.error_handler.check_response(response)\n_ _ _ _ _ _ _ _ _ _ _ _ _ _ _ _ _ _ _ _ _ _ _ _ _ _ _ _ _ _ _ _ _ _ _ _ _ _ _ _ \n\nself = <selenium.webdriver.remote.errorhandler.ErrorHandler object at 0x7f439883b6d0>\nresponse = {'status': 500, 'value': '{\"value\":{\"error\":\"session not created\",\"message\":\"session not created: Chrome failed to sta...\\\\n#14 0x555e703436b4 \\\\u003Cunknown>\\\\n#15 0x555e70354143 \\\\u003Cunknown>\\\\n#16 0x7f38b0094ac3 \\\\u003Cunknown>\\\\n\"}}'}\n\n    def check_response(self, response: Dict[str, Any]) -> None:\n        \"\"\"Checks that a JSON response from the WebDriver does not have an\n        error.\n    \n        :Args:\n         - response - The JSON response from the WebDriver server as a dictionary\n           object.\n    \n        :Raises: If the response contains an error message.\n        \"\"\"\n        status = response.get(\"status\", None)\n        if not status or status == ErrorCode.SUCCESS:\n            return\n        value = None\n        message = response.get(\"message\", \"\")\n        screen: str = response.get(\"screen\", \"\")\n        stacktrace = None\n        if isinstance(status, int):\n            value_json = response.get(\"value\", None)\n            if value_json and isinstance(value_json, str):\n                import json\n    \n                try:\n                    value = json.loads(value_json)\n                    if len(value) == 1:\n                        value = value[\"value\"]\n                    status = value.get(\"error\", None)\n                    if not status:\n                        status = value.get(\"status\", ErrorCode.UNKNOWN_ERROR)\n                        message = value.get(\"value\") or value.get(\"message\")\n                        if not isinstance(message, str):\n                            value = message\n                            message = message.get(\"message\")\n                    else:\n                        message = value.get(\"message\", None)\n                except ValueError:\n                    pass\n    \n        exception_class: Type[WebDriverException]\n        e = ErrorCode()\n        error_codes = [item for item in dir(e) if not item.startswith(\"__\")]\n        for error_code in error_codes:\n            error_info = getattr(ErrorCode, error_code)\n            if isinstance(error_info, list) and status in error_info:\n                exception_class = getattr(ExceptionMapping, error_code, WebDriverException)\n                break\n        else:\n            exception_class = WebDriverException\n    \n        if not value:\n            value = response[\"value\"]\n        if isinstance(value, str):\n            raise exception_class(value)\n        if message == \"\" and \"message\" in value:\n            message = value[\"message\"]\n    \n        screen = None  # type: ignore[assignment]\n        if \"screen\" in value:\n            screen = value[\"screen\"]\n    \n        stacktrace = None\n        st_value = value.get(\"stackTrace\") or value.get(\"stacktrace\")\n        if st_value:\n            if isinstance(st_value, str):\n                stacktrace = st_value.split(\"\\n\")\n            else:\n                stacktrace = []\n                try:\n                    for frame in st_value:\n                        line = frame.get(\"lineNumber\", \"\")\n                        file = frame.get(\"fileName\", \"<anonymous>\")\n                        if line:\n                            file = f\"{file}:{line}\"\n                        meth = frame.get(\"methodName\", \"<anonymous>\")\n                        if \"className\" in frame:\n                            meth = f\"{frame['className']}.{meth}\"\n                        msg = \"    at %s (%s)\"\n                        msg = msg % (meth, file)\n                        stacktrace.append(msg)\n                except TypeError:\n                    pass\n        if exception_class == UnexpectedAlertPresentException:\n            alert_text = None\n            if \"data\" in value:\n                alert_text = value[\"data\"].get(\"text\")\n            elif \"alert\" in value:\n                alert_text = value[\"alert\"].get(\"text\")\n            raise exception_class(message, screen, stacktrace, alert_text)  # type: ignore[call-arg]  # mypy is not smart enough here\n>       raise exception_class(message, screen, stacktrace)\nE       selenium.common.exceptions.SessionNotCreatedException: Message: session not created: Chrome failed to start: exited normally.\nE         (session not created: DevToolsActivePort file doesn't exist)\nE         (The process started from chrome location /usr/bin/google-chrome is no longer running, so ChromeDriver is assuming that Chrome has crashed.)\nE       Stacktrace:\nE       #0 0x555e70354fb3 <unknown>\nE       #1 0x555e700284a7 <unknown>\nE       #2 0x555e7005bc93 <unknown>\nE       #3 0x555e7005810c <unknown>\nE       #4 0x555e7009aac6 <unknown>\nE       #5 0x555e70091713 <unknown>\nE       #6 0x555e7006418b <unknown>\nE       #7 0x555e70064f7e <unknown>\nE       #8 0x555e7031a8d8 <unknown>\nE       #9 0x555e7031e800 <unknown>\nE       #10 0x555e70328cfc <unknown>\nE       #11 0x555e7031f418 <unknown>\nE       #12 0x555e702ec42f <unknown>\nE       #13 0x555e703434e8 <unknown>\nE       #14 0x555e703436b4 <unknown>\nE       #15 0x555e70354143 <unknown>\nE       #16 0x7f38b0094ac3 <unknown>\n\n/opt/hostedtoolcache/Python/3.10.13/x64/lib/python3.10/site-packages/selenium/webdriver/remote/errorhandler.py:229: SessionNotCreatedException",
  "flaky" : false,
  "newFailed" : false,
  "beforeStages" : [ {
    "name" : "_session_faker",
    "time" : {
      "start" : 1698686827356,
      "stop" : 1698686827428,
      "duration" : 72
    },
    "status" : "passed",
    "steps" : [ ],
    "attachments" : [ ],
    "parameters" : [ ],
    "attachmentsCount" : 0,
    "shouldDisplayMessage" : false,
    "hasContent" : false,
    "stepsCount" : 0
  }, {
    "name" : "driver",
    "time" : {
      "start" : 1698686833789,
      "stop" : 1698686834458,
      "duration" : 669
    },
    "status" : "broken",
    "statusMessage" : "selenium.common.exceptions.SessionNotCreatedException: Message: session not created: Chrome failed to start: exited normally.\n  (session not created: DevToolsActivePort file doesn't exist)\n  (The process started from chrome location /usr/bin/google-chrome is no longer running, so ChromeDriver is assuming that Chrome has crashed.)\nStacktrace:\n#0 0x555e70354fb3 <unknown>\n#1 0x555e700284a7 <unknown>\n#2 0x555e7005bc93 <unknown>\n#3 0x555e7005810c <unknown>\n#4 0x555e7009aac6 <unknown>\n#5 0x555e70091713 <unknown>\n#6 0x555e7006418b <unknown>\n#7 0x555e70064f7e <unknown>\n#8 0x555e7031a8d8 <unknown>\n#9 0x555e7031e800 <unknown>\n#10 0x555e70328cfc <unknown>\n#11 0x555e7031f418 <unknown>\n#12 0x555e702ec42f <unknown>\n#13 0x555e703434e8 <unknown>\n#14 0x555e703436b4 <unknown>\n#15 0x555e70354143 <unknown>\n#16 0x7f38b0094ac3 <unknown>\n\n",
    "statusTrace" : "  File \"/opt/hostedtoolcache/Python/3.10.13/x64/lib/python3.10/site-packages/pluggy/_callers.py\", line 77, in _multicall\n    res = hook_impl.function(*args)\n  File \"/opt/hostedtoolcache/Python/3.10.13/x64/lib/python3.10/site-packages/_pytest/fixtures.py\", line 1123, in pytest_fixture_setup\n    result = call_fixture_func(fixturefunc, request, kwargs)\n  File \"/opt/hostedtoolcache/Python/3.10.13/x64/lib/python3.10/site-packages/_pytest/fixtures.py\", line 895, in call_fixture_func\n    fixture_result = next(generator)\n  File \"/home/runner/work/English-exercises-AQA/English-exercises-AQA/tests/conftest.py\", line 14, in driver\n    driver = webdriver.Chrome(options=options)\n  File \"/opt/hostedtoolcache/Python/3.10.13/x64/lib/python3.10/site-packages/selenium/webdriver/chrome/webdriver.py\", line 45, in __init__\n    super().__init__(\n  File \"/opt/hostedtoolcache/Python/3.10.13/x64/lib/python3.10/site-packages/selenium/webdriver/chromium/webdriver.py\", line 56, in __init__\n    super().__init__(\n  File \"/opt/hostedtoolcache/Python/3.10.13/x64/lib/python3.10/site-packages/selenium/webdriver/remote/webdriver.py\", line 205, in __init__\n    self.start_session(capabilities)\n  File \"/opt/hostedtoolcache/Python/3.10.13/x64/lib/python3.10/site-packages/selenium/webdriver/remote/webdriver.py\", line 289, in start_session\n    response = self.execute(Command.NEW_SESSION, caps)[\"value\"]\n  File \"/opt/hostedtoolcache/Python/3.10.13/x64/lib/python3.10/site-packages/selenium/webdriver/remote/webdriver.py\", line 344, in execute\n    self.error_handler.check_response(response)\n  File \"/opt/hostedtoolcache/Python/3.10.13/x64/lib/python3.10/site-packages/selenium/webdriver/remote/errorhandler.py\", line 229, in check_response\n    raise exception_class(message, screen, stacktrace)\n",
    "steps" : [ ],
    "attachments" : [ ],
    "parameters" : [ ],
    "attachmentsCount" : 0,
    "shouldDisplayMessage" : true,
    "hasContent" : true,
    "stepsCount" : 0
  } ],
  "afterStages" : [ ],
  "labels" : [ {
    "name" : "feature",
    "value" : "To/at/in/into."
  }, {
    "name" : "parentSuite",
    "value" : "tests"
  }, {
    "name" : "suite",
    "value" : "test_cards"
  }, {
    "name" : "subSuite",
    "value" : "TestPrepositions_1_4"
  }, {
    "name" : "host",
    "value" : "fv-az563-398"
  }, {
    "name" : "thread",
    "value" : "1823-MainThread"
  }, {
    "name" : "framework",
    "value" : "pytest"
  }, {
    "name" : "language",
    "value" : "cpython3"
  }, {
    "name" : "package",
    "value" : "tests.test_cards"
  }, {
    "name" : "resultFormat",
    "value" : "allure2"
  } ],
  "parameters" : [ ],
  "links" : [ ],
  "hidden" : false,
  "retry" : false,
  "extra" : {
    "severity" : "normal",
    "retries" : [ ],
    "categories" : [ {
      "name" : "Test defects",
      "matchedStatuses" : [ ],
      "flaky" : false
    } ],
    "history" : {
      "statistic" : {
        "failed" : 0,
        "broken" : 1,
        "skipped" : 0,
        "passed" : 8,
        "unknown" : 0,
        "total" : 9
      },
      "items" : [ {
        "uid" : "221d37fefceb6573",
        "status" : "passed",
        "time" : {
          "start" : 1698682489346,
          "stop" : 1698682493108,
          "duration" : 3762
        }
      }, {
        "uid" : "6d378dc1d5165bee",
        "status" : "passed",
        "time" : {
          "start" : 1698682165192,
          "stop" : 1698682168234,
          "duration" : 3042
        }
      }, {
        "uid" : "b9afc97ab782a7da",
        "status" : "passed",
        "time" : {
          "start" : 1698681842737,
          "stop" : 1698681845926,
          "duration" : 3189
        }
      }, {
        "uid" : "5d714071f7c77aa4",
        "status" : "passed",
        "time" : {
          "start" : 1698680749091,
          "stop" : 1698680752094,
          "duration" : 3003
        }
      }, {
        "uid" : "b1f466d394a7c29c",
        "status" : "passed",
        "time" : {
          "start" : 1698679346666,
          "stop" : 1698679350652,
          "duration" : 3986
        }
      }, {
        "uid" : "783e38e21255534f",
        "status" : "passed",
        "time" : {
          "start" : 1698679059810,
          "stop" : 1698679063353,
          "duration" : 3543
        }
      }, {
        "uid" : "f6eecfee8168b5d4",
        "status" : "passed",
        "time" : {
          "start" : 1698678049814,
          "stop" : 1698678053610,
          "duration" : 3796
        }
      }, {
        "uid" : "2852e90a61e7cf77",
        "reportUrl" : "https://lambotik.github.io/English-exercises-AQA/8//#testresult/2852e90a61e7cf77",
        "status" : "passed",
        "time" : {
          "start" : 1698607626697,
          "stop" : 1698607629772,
          "duration" : 3075
        }
      } ]
    },
    "tags" : [ ]
  },
  "source" : "cbc0e3994419fae.json",
  "parameterValues" : [ ]
}