{
  "uid" : "e7ffa9d968a0d38b",
  "name" : "Check args is not presence.",
  "fullName" : "tests.test_cards.TestPrepositions_1_1#test_args_is_not_presence",
  "historyId" : "df4dfedc1c14e61cca497cda8ecefd0c",
  "time" : {
    "start" : 1698687483980,
    "stop" : 1698687483980,
    "duration" : 0
  },
  "status" : "broken",
  "statusMessage" : "selenium.common.exceptions.SessionNotCreatedException: Message: session not created: Chrome failed to start: exited normally.\n  (session not created: DevToolsActivePort file doesn't exist)\n  (The process started from chrome location /usr/bin/google-chrome is no longer running, so ChromeDriver is assuming that Chrome has crashed.)\nStacktrace:\n#0 0x56337ea19fb3 <unknown>\n#1 0x56337e6ed4a7 <unknown>\n#2 0x56337e720c93 <unknown>\n#3 0x56337e71d10c <unknown>\n#4 0x56337e75fac6 <unknown>\n#5 0x56337e756713 <unknown>\n#6 0x56337e72918b <unknown>\n#7 0x56337e729f7e <unknown>\n#8 0x56337e9df8d8 <unknown>\n#9 0x56337e9e3800 <unknown>\n#10 0x56337e9edcfc <unknown>\n#11 0x56337e9e4418 <unknown>\n#12 0x56337e9b142f <unknown>\n#13 0x56337ea084e8 <unknown>\n#14 0x56337ea086b4 <unknown>\n#15 0x56337ea19143 <unknown>\n#16 0x7f53d4494ac3 <unknown>",
  "statusTrace" : "@pytest.fixture()\n    def driver():\n        options = Options()\n        # options.add_argument('--headless')\n>       driver = webdriver.Chrome(options=options)\n\ntests/conftest.py:14: \n_ _ _ _ _ _ _ _ _ _ _ _ _ _ _ _ _ _ _ _ _ _ _ _ _ _ _ _ _ _ _ _ _ _ _ _ _ _ _ _ \n/opt/hostedtoolcache/Python/3.10.13/x64/lib/python3.10/site-packages/selenium/webdriver/chrome/webdriver.py:45: in __init__\n    super().__init__(\n/opt/hostedtoolcache/Python/3.10.13/x64/lib/python3.10/site-packages/selenium/webdriver/chromium/webdriver.py:56: in __init__\n    super().__init__(\n/opt/hostedtoolcache/Python/3.10.13/x64/lib/python3.10/site-packages/selenium/webdriver/remote/webdriver.py:205: in __init__\n    self.start_session(capabilities)\n/opt/hostedtoolcache/Python/3.10.13/x64/lib/python3.10/site-packages/selenium/webdriver/remote/webdriver.py:289: in start_session\n    response = self.execute(Command.NEW_SESSION, caps)[\"value\"]\n/opt/hostedtoolcache/Python/3.10.13/x64/lib/python3.10/site-packages/selenium/webdriver/remote/webdriver.py:344: in execute\n    self.error_handler.check_response(response)\n_ _ _ _ _ _ _ _ _ _ _ _ _ _ _ _ _ _ _ _ _ _ _ _ _ _ _ _ _ _ _ _ _ _ _ _ _ _ _ _ \n\nself = <selenium.webdriver.remote.errorhandler.ErrorHandler object at 0x7f73928da0e0>\nresponse = {'status': 500, 'value': '{\"value\":{\"error\":\"session not created\",\"message\":\"session not created: Chrome failed to sta...\\\\n#14 0x56337ea086b4 \\\\u003Cunknown>\\\\n#15 0x56337ea19143 \\\\u003Cunknown>\\\\n#16 0x7f53d4494ac3 \\\\u003Cunknown>\\\\n\"}}'}\n\n    def check_response(self, response: Dict[str, Any]) -> None:\n        \"\"\"Checks that a JSON response from the WebDriver does not have an\n        error.\n    \n        :Args:\n         - response - The JSON response from the WebDriver server as a dictionary\n           object.\n    \n        :Raises: If the response contains an error message.\n        \"\"\"\n        status = response.get(\"status\", None)\n        if not status or status == ErrorCode.SUCCESS:\n            return\n        value = None\n        message = response.get(\"message\", \"\")\n        screen: str = response.get(\"screen\", \"\")\n        stacktrace = None\n        if isinstance(status, int):\n            value_json = response.get(\"value\", None)\n            if value_json and isinstance(value_json, str):\n                import json\n    \n                try:\n                    value = json.loads(value_json)\n                    if len(value) == 1:\n                        value = value[\"value\"]\n                    status = value.get(\"error\", None)\n                    if not status:\n                        status = value.get(\"status\", ErrorCode.UNKNOWN_ERROR)\n                        message = value.get(\"value\") or value.get(\"message\")\n                        if not isinstance(message, str):\n                            value = message\n                            message = message.get(\"message\")\n                    else:\n                        message = value.get(\"message\", None)\n                except ValueError:\n                    pass\n    \n        exception_class: Type[WebDriverException]\n        e = ErrorCode()\n        error_codes = [item for item in dir(e) if not item.startswith(\"__\")]\n        for error_code in error_codes:\n            error_info = getattr(ErrorCode, error_code)\n            if isinstance(error_info, list) and status in error_info:\n                exception_class = getattr(ExceptionMapping, error_code, WebDriverException)\n                break\n        else:\n            exception_class = WebDriverException\n    \n        if not value:\n            value = response[\"value\"]\n        if isinstance(value, str):\n            raise exception_class(value)\n        if message == \"\" and \"message\" in value:\n            message = value[\"message\"]\n    \n        screen = None  # type: ignore[assignment]\n        if \"screen\" in value:\n            screen = value[\"screen\"]\n    \n        stacktrace = None\n        st_value = value.get(\"stackTrace\") or value.get(\"stacktrace\")\n        if st_value:\n            if isinstance(st_value, str):\n                stacktrace = st_value.split(\"\\n\")\n            else:\n                stacktrace = []\n                try:\n                    for frame in st_value:\n                        line = frame.get(\"lineNumber\", \"\")\n                        file = frame.get(\"fileName\", \"<anonymous>\")\n                        if line:\n                            file = f\"{file}:{line}\"\n                        meth = frame.get(\"methodName\", \"<anonymous>\")\n                        if \"className\" in frame:\n                            meth = f\"{frame['className']}.{meth}\"\n                        msg = \"    at %s (%s)\"\n                        msg = msg % (meth, file)\n                        stacktrace.append(msg)\n                except TypeError:\n                    pass\n        if exception_class == UnexpectedAlertPresentException:\n            alert_text = None\n            if \"data\" in value:\n                alert_text = value[\"data\"].get(\"text\")\n            elif \"alert\" in value:\n                alert_text = value[\"alert\"].get(\"text\")\n            raise exception_class(message, screen, stacktrace, alert_text)  # type: ignore[call-arg]  # mypy is not smart enough here\n>       raise exception_class(message, screen, stacktrace)\nE       selenium.common.exceptions.SessionNotCreatedException: Message: session not created: Chrome failed to start: exited normally.\nE         (session not created: DevToolsActivePort file doesn't exist)\nE         (The process started from chrome location /usr/bin/google-chrome is no longer running, so ChromeDriver is assuming that Chrome has crashed.)\nE       Stacktrace:\nE       #0 0x56337ea19fb3 <unknown>\nE       #1 0x56337e6ed4a7 <unknown>\nE       #2 0x56337e720c93 <unknown>\nE       #3 0x56337e71d10c <unknown>\nE       #4 0x56337e75fac6 <unknown>\nE       #5 0x56337e756713 <unknown>\nE       #6 0x56337e72918b <unknown>\nE       #7 0x56337e729f7e <unknown>\nE       #8 0x56337e9df8d8 <unknown>\nE       #9 0x56337e9e3800 <unknown>\nE       #10 0x56337e9edcfc <unknown>\nE       #11 0x56337e9e4418 <unknown>\nE       #12 0x56337e9b142f <unknown>\nE       #13 0x56337ea084e8 <unknown>\nE       #14 0x56337ea086b4 <unknown>\nE       #15 0x56337ea19143 <unknown>\nE       #16 0x7f53d4494ac3 <unknown>\n\n/opt/hostedtoolcache/Python/3.10.13/x64/lib/python3.10/site-packages/selenium/webdriver/remote/errorhandler.py:229: SessionNotCreatedException",
  "flaky" : false,
  "newFailed" : false,
  "beforeStages" : [ {
    "name" : "_session_faker",
    "time" : {
      "start" : 1698687480565,
      "stop" : 1698687480637,
      "duration" : 72
    },
    "status" : "passed",
    "steps" : [ ],
    "attachments" : [ ],
    "parameters" : [ ],
    "attachmentsCount" : 0,
    "shouldDisplayMessage" : false,
    "stepsCount" : 0,
    "hasContent" : false
  }, {
    "name" : "driver",
    "time" : {
      "start" : 1698687483980,
      "stop" : 1698687484647,
      "duration" : 667
    },
    "status" : "broken",
    "statusMessage" : "selenium.common.exceptions.SessionNotCreatedException: Message: session not created: Chrome failed to start: exited normally.\n  (session not created: DevToolsActivePort file doesn't exist)\n  (The process started from chrome location /usr/bin/google-chrome is no longer running, so ChromeDriver is assuming that Chrome has crashed.)\nStacktrace:\n#0 0x56337ea19fb3 <unknown>\n#1 0x56337e6ed4a7 <unknown>\n#2 0x56337e720c93 <unknown>\n#3 0x56337e71d10c <unknown>\n#4 0x56337e75fac6 <unknown>\n#5 0x56337e756713 <unknown>\n#6 0x56337e72918b <unknown>\n#7 0x56337e729f7e <unknown>\n#8 0x56337e9df8d8 <unknown>\n#9 0x56337e9e3800 <unknown>\n#10 0x56337e9edcfc <unknown>\n#11 0x56337e9e4418 <unknown>\n#12 0x56337e9b142f <unknown>\n#13 0x56337ea084e8 <unknown>\n#14 0x56337ea086b4 <unknown>\n#15 0x56337ea19143 <unknown>\n#16 0x7f53d4494ac3 <unknown>\n\n",
    "statusTrace" : "  File \"/opt/hostedtoolcache/Python/3.10.13/x64/lib/python3.10/site-packages/pluggy/_callers.py\", line 77, in _multicall\n    res = hook_impl.function(*args)\n  File \"/opt/hostedtoolcache/Python/3.10.13/x64/lib/python3.10/site-packages/_pytest/fixtures.py\", line 1123, in pytest_fixture_setup\n    result = call_fixture_func(fixturefunc, request, kwargs)\n  File \"/opt/hostedtoolcache/Python/3.10.13/x64/lib/python3.10/site-packages/_pytest/fixtures.py\", line 895, in call_fixture_func\n    fixture_result = next(generator)\n  File \"/home/runner/work/English-exercises-AQA/English-exercises-AQA/tests/conftest.py\", line 14, in driver\n    driver = webdriver.Chrome(options=options)\n  File \"/opt/hostedtoolcache/Python/3.10.13/x64/lib/python3.10/site-packages/selenium/webdriver/chrome/webdriver.py\", line 45, in __init__\n    super().__init__(\n  File \"/opt/hostedtoolcache/Python/3.10.13/x64/lib/python3.10/site-packages/selenium/webdriver/chromium/webdriver.py\", line 56, in __init__\n    super().__init__(\n  File \"/opt/hostedtoolcache/Python/3.10.13/x64/lib/python3.10/site-packages/selenium/webdriver/remote/webdriver.py\", line 205, in __init__\n    self.start_session(capabilities)\n  File \"/opt/hostedtoolcache/Python/3.10.13/x64/lib/python3.10/site-packages/selenium/webdriver/remote/webdriver.py\", line 289, in start_session\n    response = self.execute(Command.NEW_SESSION, caps)[\"value\"]\n  File \"/opt/hostedtoolcache/Python/3.10.13/x64/lib/python3.10/site-packages/selenium/webdriver/remote/webdriver.py\", line 344, in execute\n    self.error_handler.check_response(response)\n  File \"/opt/hostedtoolcache/Python/3.10.13/x64/lib/python3.10/site-packages/selenium/webdriver/remote/errorhandler.py\", line 229, in check_response\n    raise exception_class(message, screen, stacktrace)\n",
    "steps" : [ ],
    "attachments" : [ ],
    "parameters" : [ ],
    "attachmentsCount" : 0,
    "shouldDisplayMessage" : true,
    "stepsCount" : 0,
    "hasContent" : true
  } ],
  "afterStages" : [ ],
  "labels" : [ {
    "name" : "feature",
    "value" : "Test Prepositions OfT Time Page."
  }, {
    "name" : "parentSuite",
    "value" : "tests"
  }, {
    "name" : "suite",
    "value" : "test_cards"
  }, {
    "name" : "subSuite",
    "value" : "TestPrepositions_1_1"
  }, {
    "name" : "host",
    "value" : "fv-az592-825"
  }, {
    "name" : "thread",
    "value" : "1949-MainThread"
  }, {
    "name" : "framework",
    "value" : "pytest"
  }, {
    "name" : "language",
    "value" : "cpython3"
  }, {
    "name" : "package",
    "value" : "tests.test_cards"
  }, {
    "name" : "resultFormat",
    "value" : "allure2"
  } ],
  "parameters" : [ ],
  "links" : [ ],
  "hidden" : false,
  "retry" : false,
  "extra" : {
    "severity" : "normal",
    "retries" : [ ],
    "categories" : [ {
      "name" : "Test defects",
      "matchedStatuses" : [ ],
      "flaky" : false
    } ],
    "history" : {
      "statistic" : {
        "failed" : 0,
        "broken" : 3,
        "skipped" : 0,
        "passed" : 8,
        "unknown" : 0,
        "total" : 11
      },
      "items" : [ {
        "uid" : "9239173f82ea6526",
        "status" : "broken",
        "statusDetails" : "selenium.common.exceptions.SessionNotCreatedException: Message: session not created: Chrome failed to start: exited normally.\n  (session not created: DevToolsActivePort file doesn't exist)\n  (The process started from chrome location /usr/bin/google-chrome is no longer running, so ChromeDriver is assuming that Chrome has crashed.)\nStacktrace:\n#0 0x562fafeaffb3 <unknown>\n#1 0x562fafb834a7 <unknown>\n#2 0x562fafbb6c93 <unknown>\n#3 0x562fafbb310c <unknown>\n#4 0x562fafbf5ac6 <unknown>\n#5 0x562fafbec713 <unknown>\n#6 0x562fafbbf18b <unknown>\n#7 0x562fafbbff7e <unknown>\n#8 0x562fafe758d8 <unknown>\n#9 0x562fafe79800 <unknown>\n#10 0x562fafe83cfc <unknown>\n#11 0x562fafe7a418 <unknown>\n#12 0x562fafe4742f <unknown>\n#13 0x562fafe9e4e8 <unknown>\n#14 0x562fafe9e6b4 <unknown>\n#15 0x562fafeaf143 <unknown>\n#16 0x7f3753294ac3 <unknown>",
        "time" : {
          "start" : 1698687089292,
          "stop" : 1698687089292,
          "duration" : 0
        }
      }, {
        "uid" : "8abb5638ebd492df",
        "status" : "broken",
        "statusDetails" : "selenium.common.exceptions.SessionNotCreatedException: Message: session not created: Chrome failed to start: exited normally.\n  (session not created: DevToolsActivePort file doesn't exist)\n  (The process started from chrome location /usr/bin/google-chrome is no longer running, so ChromeDriver is assuming that Chrome has crashed.)\nStacktrace:\n#0 0x563665200fb3 <unknown>\n#1 0x563664ed44a7 <unknown>\n#2 0x563664f07c93 <unknown>\n#3 0x563664f0410c <unknown>\n#4 0x563664f46ac6 <unknown>\n#5 0x563664f3d713 <unknown>\n#6 0x563664f1018b <unknown>\n#7 0x563664f10f7e <unknown>\n#8 0x5636651c68d8 <unknown>\n#9 0x5636651ca800 <unknown>\n#10 0x5636651d4cfc <unknown>\n#11 0x5636651cb418 <unknown>\n#12 0x56366519842f <unknown>\n#13 0x5636651ef4e8 <unknown>\n#14 0x5636651ef6b4 <unknown>\n#15 0x563665200143 <unknown>\n#16 0x7efdb8e94ac3 <unknown>",
        "time" : {
          "start" : 1698686829375,
          "stop" : 1698686829375,
          "duration" : 0
        }
      }, {
        "uid" : "947f4278b1a0b6d2",
        "status" : "passed",
        "time" : {
          "start" : 1698682455272,
          "stop" : 1698682460086,
          "duration" : 4814
        }
      }, {
        "uid" : "3208be467509aac9",
        "status" : "passed",
        "time" : {
          "start" : 1698682133319,
          "stop" : 1698682137606,
          "duration" : 4287
        }
      }, {
        "uid" : "4edca8abf91255a7",
        "status" : "passed",
        "time" : {
          "start" : 1698681810042,
          "stop" : 1698681814409,
          "duration" : 4367
        }
      }, {
        "uid" : "580c08031f2c7a8",
        "status" : "passed",
        "time" : {
          "start" : 1698680718119,
          "stop" : 1698680722328,
          "duration" : 4209
        }
      }, {
        "uid" : "5db7ead731c2ecfa",
        "status" : "passed",
        "time" : {
          "start" : 1698679307351,
          "stop" : 1698679313227,
          "duration" : 5876
        }
      }, {
        "uid" : "2a6c23a9ab2d54c",
        "status" : "passed",
        "time" : {
          "start" : 1698679023758,
          "stop" : 1698679028718,
          "duration" : 4960
        }
      }, {
        "uid" : "a3e826754b06635",
        "status" : "passed",
        "time" : {
          "start" : 1698678009799,
          "stop" : 1698678015616,
          "duration" : 5817
        }
      }, {
        "uid" : "510eafcc2a454878",
        "reportUrl" : "https://lambotik.github.io/English-exercises-AQA/8//#testresult/510eafcc2a454878",
        "status" : "passed",
        "time" : {
          "start" : 1698607596319,
          "stop" : 1698607600297,
          "duration" : 3978
        }
      } ]
    },
    "tags" : [ ]
  },
  "source" : "e7ffa9d968a0d38b.json",
  "parameterValues" : [ ]
}