{
  "uid" : "edaa69a3f28eeaec",
  "name" : "Check questions no repeated.",
  "fullName" : "tests.test_cards.TestPrepositions_1_3#test_check_questions_no_repeated",
  "historyId" : "f333b79c365f419917922190a7bdc1da",
  "time" : {
    "start" : 1698687485410,
    "stop" : 1698687485410,
    "duration" : 0
  },
  "status" : "broken",
  "statusMessage" : "selenium.common.exceptions.SessionNotCreatedException: Message: session not created: Chrome failed to start: exited normally.\n  (session not created: DevToolsActivePort file doesn't exist)\n  (The process started from chrome location /usr/bin/google-chrome is no longer running, so ChromeDriver is assuming that Chrome has crashed.)\nStacktrace:\n#0 0x55aeed63efb3 <unknown>\n#1 0x55aeed3124a7 <unknown>\n#2 0x55aeed345c93 <unknown>\n#3 0x55aeed34210c <unknown>\n#4 0x55aeed384ac6 <unknown>\n#5 0x55aeed37b713 <unknown>\n#6 0x55aeed34e18b <unknown>\n#7 0x55aeed34ef7e <unknown>\n#8 0x55aeed6048d8 <unknown>\n#9 0x55aeed608800 <unknown>\n#10 0x55aeed612cfc <unknown>\n#11 0x55aeed609418 <unknown>\n#12 0x55aeed5d642f <unknown>\n#13 0x55aeed62d4e8 <unknown>\n#14 0x55aeed62d6b4 <unknown>\n#15 0x55aeed63e143 <unknown>\n#16 0x7f0608c94ac3 <unknown>",
  "statusTrace" : "@pytest.fixture()\n    def driver():\n        options = Options()\n        # options.add_argument('--headless')\n>       driver = webdriver.Chrome(options=options)\n\ntests/conftest.py:14: \n_ _ _ _ _ _ _ _ _ _ _ _ _ _ _ _ _ _ _ _ _ _ _ _ _ _ _ _ _ _ _ _ _ _ _ _ _ _ _ _ \n/opt/hostedtoolcache/Python/3.10.13/x64/lib/python3.10/site-packages/selenium/webdriver/chrome/webdriver.py:45: in __init__\n    super().__init__(\n/opt/hostedtoolcache/Python/3.10.13/x64/lib/python3.10/site-packages/selenium/webdriver/chromium/webdriver.py:56: in __init__\n    super().__init__(\n/opt/hostedtoolcache/Python/3.10.13/x64/lib/python3.10/site-packages/selenium/webdriver/remote/webdriver.py:205: in __init__\n    self.start_session(capabilities)\n/opt/hostedtoolcache/Python/3.10.13/x64/lib/python3.10/site-packages/selenium/webdriver/remote/webdriver.py:289: in start_session\n    response = self.execute(Command.NEW_SESSION, caps)[\"value\"]\n/opt/hostedtoolcache/Python/3.10.13/x64/lib/python3.10/site-packages/selenium/webdriver/remote/webdriver.py:344: in execute\n    self.error_handler.check_response(response)\n_ _ _ _ _ _ _ _ _ _ _ _ _ _ _ _ _ _ _ _ _ _ _ _ _ _ _ _ _ _ _ _ _ _ _ _ _ _ _ _ \n\nself = <selenium.webdriver.remote.errorhandler.ErrorHandler object at 0x7f7392c631c0>\nresponse = {'status': 500, 'value': '{\"value\":{\"error\":\"session not created\",\"message\":\"session not created: Chrome failed to sta...\\\\n#14 0x55aeed62d6b4 \\\\u003Cunknown>\\\\n#15 0x55aeed63e143 \\\\u003Cunknown>\\\\n#16 0x7f0608c94ac3 \\\\u003Cunknown>\\\\n\"}}'}\n\n    def check_response(self, response: Dict[str, Any]) -> None:\n        \"\"\"Checks that a JSON response from the WebDriver does not have an\n        error.\n    \n        :Args:\n         - response - The JSON response from the WebDriver server as a dictionary\n           object.\n    \n        :Raises: If the response contains an error message.\n        \"\"\"\n        status = response.get(\"status\", None)\n        if not status or status == ErrorCode.SUCCESS:\n            return\n        value = None\n        message = response.get(\"message\", \"\")\n        screen: str = response.get(\"screen\", \"\")\n        stacktrace = None\n        if isinstance(status, int):\n            value_json = response.get(\"value\", None)\n            if value_json and isinstance(value_json, str):\n                import json\n    \n                try:\n                    value = json.loads(value_json)\n                    if len(value) == 1:\n                        value = value[\"value\"]\n                    status = value.get(\"error\", None)\n                    if not status:\n                        status = value.get(\"status\", ErrorCode.UNKNOWN_ERROR)\n                        message = value.get(\"value\") or value.get(\"message\")\n                        if not isinstance(message, str):\n                            value = message\n                            message = message.get(\"message\")\n                    else:\n                        message = value.get(\"message\", None)\n                except ValueError:\n                    pass\n    \n        exception_class: Type[WebDriverException]\n        e = ErrorCode()\n        error_codes = [item for item in dir(e) if not item.startswith(\"__\")]\n        for error_code in error_codes:\n            error_info = getattr(ErrorCode, error_code)\n            if isinstance(error_info, list) and status in error_info:\n                exception_class = getattr(ExceptionMapping, error_code, WebDriverException)\n                break\n        else:\n            exception_class = WebDriverException\n    \n        if not value:\n            value = response[\"value\"]\n        if isinstance(value, str):\n            raise exception_class(value)\n        if message == \"\" and \"message\" in value:\n            message = value[\"message\"]\n    \n        screen = None  # type: ignore[assignment]\n        if \"screen\" in value:\n            screen = value[\"screen\"]\n    \n        stacktrace = None\n        st_value = value.get(\"stackTrace\") or value.get(\"stacktrace\")\n        if st_value:\n            if isinstance(st_value, str):\n                stacktrace = st_value.split(\"\\n\")\n            else:\n                stacktrace = []\n                try:\n                    for frame in st_value:\n                        line = frame.get(\"lineNumber\", \"\")\n                        file = frame.get(\"fileName\", \"<anonymous>\")\n                        if line:\n                            file = f\"{file}:{line}\"\n                        meth = frame.get(\"methodName\", \"<anonymous>\")\n                        if \"className\" in frame:\n                            meth = f\"{frame['className']}.{meth}\"\n                        msg = \"    at %s (%s)\"\n                        msg = msg % (meth, file)\n                        stacktrace.append(msg)\n                except TypeError:\n                    pass\n        if exception_class == UnexpectedAlertPresentException:\n            alert_text = None\n            if \"data\" in value:\n                alert_text = value[\"data\"].get(\"text\")\n            elif \"alert\" in value:\n                alert_text = value[\"alert\"].get(\"text\")\n            raise exception_class(message, screen, stacktrace, alert_text)  # type: ignore[call-arg]  # mypy is not smart enough here\n>       raise exception_class(message, screen, stacktrace)\nE       selenium.common.exceptions.SessionNotCreatedException: Message: session not created: Chrome failed to start: exited normally.\nE         (session not created: DevToolsActivePort file doesn't exist)\nE         (The process started from chrome location /usr/bin/google-chrome is no longer running, so ChromeDriver is assuming that Chrome has crashed.)\nE       Stacktrace:\nE       #0 0x55aeed63efb3 <unknown>\nE       #1 0x55aeed3124a7 <unknown>\nE       #2 0x55aeed345c93 <unknown>\nE       #3 0x55aeed34210c <unknown>\nE       #4 0x55aeed384ac6 <unknown>\nE       #5 0x55aeed37b713 <unknown>\nE       #6 0x55aeed34e18b <unknown>\nE       #7 0x55aeed34ef7e <unknown>\nE       #8 0x55aeed6048d8 <unknown>\nE       #9 0x55aeed608800 <unknown>\nE       #10 0x55aeed612cfc <unknown>\nE       #11 0x55aeed609418 <unknown>\nE       #12 0x55aeed5d642f <unknown>\nE       #13 0x55aeed62d4e8 <unknown>\nE       #14 0x55aeed62d6b4 <unknown>\nE       #15 0x55aeed63e143 <unknown>\nE       #16 0x7f0608c94ac3 <unknown>\n\n/opt/hostedtoolcache/Python/3.10.13/x64/lib/python3.10/site-packages/selenium/webdriver/remote/errorhandler.py:229: SessionNotCreatedException",
  "flaky" : false,
  "newFailed" : false,
  "beforeStages" : [ {
    "name" : "_session_faker",
    "time" : {
      "start" : 1698687480565,
      "stop" : 1698687480637,
      "duration" : 72
    },
    "status" : "passed",
    "steps" : [ ],
    "attachments" : [ ],
    "parameters" : [ ],
    "attachmentsCount" : 0,
    "shouldDisplayMessage" : false,
    "stepsCount" : 0,
    "hasContent" : false
  }, {
    "name" : "driver",
    "time" : {
      "start" : 1698687485411,
      "stop" : 1698687486078,
      "duration" : 667
    },
    "status" : "broken",
    "statusMessage" : "selenium.common.exceptions.SessionNotCreatedException: Message: session not created: Chrome failed to start: exited normally.\n  (session not created: DevToolsActivePort file doesn't exist)\n  (The process started from chrome location /usr/bin/google-chrome is no longer running, so ChromeDriver is assuming that Chrome has crashed.)\nStacktrace:\n#0 0x55aeed63efb3 <unknown>\n#1 0x55aeed3124a7 <unknown>\n#2 0x55aeed345c93 <unknown>\n#3 0x55aeed34210c <unknown>\n#4 0x55aeed384ac6 <unknown>\n#5 0x55aeed37b713 <unknown>\n#6 0x55aeed34e18b <unknown>\n#7 0x55aeed34ef7e <unknown>\n#8 0x55aeed6048d8 <unknown>\n#9 0x55aeed608800 <unknown>\n#10 0x55aeed612cfc <unknown>\n#11 0x55aeed609418 <unknown>\n#12 0x55aeed5d642f <unknown>\n#13 0x55aeed62d4e8 <unknown>\n#14 0x55aeed62d6b4 <unknown>\n#15 0x55aeed63e143 <unknown>\n#16 0x7f0608c94ac3 <unknown>\n\n",
    "statusTrace" : "  File \"/opt/hostedtoolcache/Python/3.10.13/x64/lib/python3.10/site-packages/pluggy/_callers.py\", line 77, in _multicall\n    res = hook_impl.function(*args)\n  File \"/opt/hostedtoolcache/Python/3.10.13/x64/lib/python3.10/site-packages/_pytest/fixtures.py\", line 1123, in pytest_fixture_setup\n    result = call_fixture_func(fixturefunc, request, kwargs)\n  File \"/opt/hostedtoolcache/Python/3.10.13/x64/lib/python3.10/site-packages/_pytest/fixtures.py\", line 895, in call_fixture_func\n    fixture_result = next(generator)\n  File \"/home/runner/work/English-exercises-AQA/English-exercises-AQA/tests/conftest.py\", line 14, in driver\n    driver = webdriver.Chrome(options=options)\n  File \"/opt/hostedtoolcache/Python/3.10.13/x64/lib/python3.10/site-packages/selenium/webdriver/chrome/webdriver.py\", line 45, in __init__\n    super().__init__(\n  File \"/opt/hostedtoolcache/Python/3.10.13/x64/lib/python3.10/site-packages/selenium/webdriver/chromium/webdriver.py\", line 56, in __init__\n    super().__init__(\n  File \"/opt/hostedtoolcache/Python/3.10.13/x64/lib/python3.10/site-packages/selenium/webdriver/remote/webdriver.py\", line 205, in __init__\n    self.start_session(capabilities)\n  File \"/opt/hostedtoolcache/Python/3.10.13/x64/lib/python3.10/site-packages/selenium/webdriver/remote/webdriver.py\", line 289, in start_session\n    response = self.execute(Command.NEW_SESSION, caps)[\"value\"]\n  File \"/opt/hostedtoolcache/Python/3.10.13/x64/lib/python3.10/site-packages/selenium/webdriver/remote/webdriver.py\", line 344, in execute\n    self.error_handler.check_response(response)\n  File \"/opt/hostedtoolcache/Python/3.10.13/x64/lib/python3.10/site-packages/selenium/webdriver/remote/errorhandler.py\", line 229, in check_response\n    raise exception_class(message, screen, stacktrace)\n",
    "steps" : [ ],
    "attachments" : [ ],
    "parameters" : [ ],
    "attachmentsCount" : 0,
    "shouldDisplayMessage" : true,
    "stepsCount" : 0,
    "hasContent" : true
  } ],
  "afterStages" : [ ],
  "labels" : [ {
    "name" : "feature",
    "value" : "In/on time, at/in the end/beginning."
  }, {
    "name" : "parentSuite",
    "value" : "tests"
  }, {
    "name" : "suite",
    "value" : "test_cards"
  }, {
    "name" : "subSuite",
    "value" : "TestPrepositions_1_3"
  }, {
    "name" : "host",
    "value" : "fv-az592-825"
  }, {
    "name" : "thread",
    "value" : "1949-MainThread"
  }, {
    "name" : "framework",
    "value" : "pytest"
  }, {
    "name" : "language",
    "value" : "cpython3"
  }, {
    "name" : "package",
    "value" : "tests.test_cards"
  }, {
    "name" : "resultFormat",
    "value" : "allure2"
  } ],
  "parameters" : [ ],
  "links" : [ ],
  "hidden" : false,
  "retry" : false,
  "extra" : {
    "severity" : "normal",
    "retries" : [ ],
    "categories" : [ {
      "name" : "Test defects",
      "matchedStatuses" : [ ],
      "flaky" : false
    } ],
    "history" : {
      "statistic" : {
        "failed" : 0,
        "broken" : 3,
        "skipped" : 0,
        "passed" : 8,
        "unknown" : 0,
        "total" : 11
      },
      "items" : [ {
        "uid" : "32547d095aac00af",
        "status" : "broken",
        "statusDetails" : "selenium.common.exceptions.SessionNotCreatedException: Message: session not created: Chrome failed to start: exited normally.\n  (session not created: DevToolsActivePort file doesn't exist)\n  (The process started from chrome location /usr/bin/google-chrome is no longer running, so ChromeDriver is assuming that Chrome has crashed.)\nStacktrace:\n#0 0x55a311856fb3 <unknown>\n#1 0x55a31152a4a7 <unknown>\n#2 0x55a31155dc93 <unknown>\n#3 0x55a31155a10c <unknown>\n#4 0x55a31159cac6 <unknown>\n#5 0x55a311593713 <unknown>\n#6 0x55a31156618b <unknown>\n#7 0x55a311566f7e <unknown>\n#8 0x55a31181c8d8 <unknown>\n#9 0x55a311820800 <unknown>\n#10 0x55a31182acfc <unknown>\n#11 0x55a311821418 <unknown>\n#12 0x55a3117ee42f <unknown>\n#13 0x55a3118454e8 <unknown>\n#14 0x55a3118456b4 <unknown>\n#15 0x55a311856143 <unknown>\n#16 0x7f6374c94ac3 <unknown>",
        "time" : {
          "start" : 1698687090884,
          "stop" : 1698687090884,
          "duration" : 0
        }
      }, {
        "uid" : "33e346e4db1ca7cf",
        "status" : "broken",
        "statusDetails" : "selenium.common.exceptions.SessionNotCreatedException: Message: session not created: Chrome failed to start: exited normally.\n  (session not created: DevToolsActivePort file doesn't exist)\n  (The process started from chrome location /usr/bin/google-chrome is no longer running, so ChromeDriver is assuming that Chrome has crashed.)\nStacktrace:\n#0 0x55d677afcfb3 <unknown>\n#1 0x55d6777d04a7 <unknown>\n#2 0x55d677803c93 <unknown>\n#3 0x55d67780010c <unknown>\n#4 0x55d677842ac6 <unknown>\n#5 0x55d677839713 <unknown>\n#6 0x55d67780c18b <unknown>\n#7 0x55d67780cf7e <unknown>\n#8 0x55d677ac28d8 <unknown>\n#9 0x55d677ac6800 <unknown>\n#10 0x55d677ad0cfc <unknown>\n#11 0x55d677ac7418 <unknown>\n#12 0x55d677a9442f <unknown>\n#13 0x55d677aeb4e8 <unknown>\n#14 0x55d677aeb6b4 <unknown>\n#15 0x55d677afc143 <unknown>\n#16 0x7f44a5294ac3 <unknown>",
        "time" : {
          "start" : 1698686830804,
          "stop" : 1698686830804,
          "duration" : 0
        }
      }, {
        "uid" : "968f2740ec6da577",
        "status" : "passed",
        "time" : {
          "start" : 1698682467898,
          "stop" : 1698682470745,
          "duration" : 2847
        }
      }, {
        "uid" : "8b51621d6293f712",
        "status" : "passed",
        "time" : {
          "start" : 1698682145108,
          "stop" : 1698682147476,
          "duration" : 2368
        }
      }, {
        "uid" : "8233a5f5f7af3ab1",
        "status" : "passed",
        "time" : {
          "start" : 1698681822693,
          "stop" : 1698681825242,
          "duration" : 2549
        }
      }, {
        "uid" : "3380f7cb11a249ed",
        "status" : "passed",
        "time" : {
          "start" : 1698680729527,
          "stop" : 1698680732036,
          "duration" : 2509
        }
      }, {
        "uid" : "6c529ba3b480e21d",
        "status" : "passed",
        "time" : {
          "start" : 1698679322269,
          "stop" : 1698679325257,
          "duration" : 2988
        }
      }, {
        "uid" : "3a7ae394ba838bb9",
        "status" : "passed",
        "time" : {
          "start" : 1698679037259,
          "stop" : 1698679040005,
          "duration" : 2746
        }
      }, {
        "uid" : "97ddcb910ec608b9",
        "status" : "passed",
        "statusDetails" : "XPASS",
        "time" : {
          "start" : 1698678025127,
          "stop" : 1698678028165,
          "duration" : 3038
        }
      }, {
        "uid" : "e98c2d74c8f01647",
        "reportUrl" : "https://lambotik.github.io/English-exercises-AQA/8//#testresult/e98c2d74c8f01647",
        "status" : "passed",
        "time" : {
          "start" : 1698607607431,
          "stop" : 1698607609778,
          "duration" : 2347
        }
      } ]
    },
    "tags" : [ ]
  },
  "source" : "edaa69a3f28eeaec.json",
  "parameterValues" : [ ]
}